<?xml version="1.0" encoding="UTF-8"?>
<!-- Generated by org.testng.reporters.JUnitReportReporter -->
<testsuite hostname="DESKTOP-B3UE3HV" name="Register.RegisterTest" tests="1" failures="0" timestamp="16 Dec 2016 04:27:17 GMT" time="7.257" errors="0">
  <testcase name="NameValidation" time="7.257" classname="Register.RegisterTest"/>
</testsuite> <!-- Register.RegisterTest -->
